<?xml version="1.0" encoding="utf-8"?><testsuites><testsuite name="pytest" errors="0" failures="0" skipped="0" tests="5" time="8.691" timestamp="2026-01-21T17:32:16.616769-07:00" hostname="672CG"><testcase classname="tests.test_active_record_backups" name="test_temp_loss" time="0.551" /><testcase classname="tests.test_active_record_backups" name="test_persistent_loss" time="0.538" /><testcase classname="tests.test_expt" name="test_expt_parameter" time="0.089" /><testcase classname="tests.test_syntax" name="test_naming" time="0.008" /><testcase classname="tests.test_syntax" name="test_measurement_functionality_common_syntax" time="0.022" /></testsuite></testsuites>