<?xml version="1.0" encoding="utf-8"?><testsuites><testsuite name="pytest" errors="0" failures="0" skipped="0" tests="5" time="3.184" timestamp="2026-04-14T12:17:08.628807-06:00" hostname="67201POWERD"><testcase classname="tests.test_active_record_backups" name="test_temp_loss" time="0.613" /><testcase classname="tests.test_active_record_backups" name="test_persistent_loss" time="0.625" /><testcase classname="tests.test_expt" name="test_expt_parameter" time="0.043" /><testcase classname="tests.test_syntax" name="test_naming" time="0.005" /><testcase classname="tests.test_syntax" name="test_measurement_functionality_common_syntax" time="0.015" /></testsuite></testsuites>